Terminals unused in grammar

   CAPTION
   CAPTIONE
   ATITLE
   IMGFIGCAPTION


Grammar

    0 $accept: doc_start $end

    1 doc_start: HTML content_head content_body HTMLE

    2 content_head: HEAD content_head content_title HEADE
    3             | text

    4 content_title: TITLE TEXT TITLEE

    5 content_body: BODY alltags BODYE

    6 alltags: alltags P alltags PE text
    7        | alltags CENTER alltags CENTERE text
    8        | alltags H1 alltags H1E text
    9        | alltags H2 alltags H2E text
   10        | alltags H3 alltags H3E text
   11        | alltags H4 alltags H4E text
   12        | alltags U alltags UE text
   13        | alltags B alltags BE text
   14        | alltags I alltags IE text
   15        | alltags EM alltags EME text
   16        | alltags TT alltags TTE text
   17        | alltags STRONG alltags STRONGE text
   18        | alltags SMALL alltags SMALLE text
   19        | alltags SUB alltags SUBE text
   20        | alltags SUP alltags SUPE text
   21        | alltags FONT SIZE alltags FONTE text
   22        | alltags A HREF alltags AE text
   23        | alltags BR text
   24        | alltags BRS text
   25        | alltags DIV alltags DIVE text
   26        | alltags UL alltags ULE text
   27        | alltags LI alltags LIE text
   28        | alltags OL alltags OLE text
   29        | alltags DL alltags DLE text
   30        | alltags DT alltags DTE text
   31        | alltags DD alltags DDE text
   32        | alltags FIGURE alltags FIGUREE text
   33        | alltags FIGCAPTION alltags FIGCAPTIONE text
   34        | alltags img_tag text
   35        | alltags table_tag text
   36        | text

   37 img_tag: IMG img_attr

   38 img_attr: img_attr IMGSRC
   39         | img_attr IMGWIDTH
   40         | img_attr IMGHEIGHT
   41         | %empty

   42 table_tag: TABLE table_data TABLEE

   43 table_data: table_data TR tr_data TRE
   44           | %empty

   45 tr_data: tr_data TH text THE
   46        | tr_data TD text TDE
   47        | %empty

   48 text: text TEXT
   49     | text GREEK
   50     | %empty


Terminals, with rules where they appear

$end (0) 0
error (256)
HTML (258) 1
HTMLE (259) 1
HEAD (260) 2
HEADE (261) 2
A (262) 22
BODY (263) 5
BODYE (264) 5
TITLE (265) 4
TITLEE (266) 4
FONT (267) 21
AE (268) 22
FONTE (269) 21
CENTER (270) 7
CENTERE (271) 7
BRS (272) 24
BR (273) 23
P (274) 6
PE (275) 6
H1 (276) 8
H1E (277) 8
H2 (278) 9
H2E (279) 9
H3 (280) 10
H3E (281) 10
H4 (282) 11
H4E (283) 11
UL (284) 26
ULE (285) 26
DL (286) 29
DLE (287) 29
DT (288) 30
DTE (289) 30
DD (290) 31
DDE (291) 31
DIV (292) 25
DIVE (293) 25
U (294) 12
UE (295) 12
B (296) 13
BE (297) 13
I (298) 14
IE (299) 14
EM (300) 15
EME (301) 15
TT (302) 16
TTE (303) 16
STRONG (304) 17
STRONGE (305) 17
SMALL (306) 18
SMALLE (307) 18
SUB (308) 19
SUBE (309) 19
SUP (310) 20
SUPE (311) 20
TABLE (312) 42
TABLEE (313) 42
CAPTION (314)
TH (315) 45
CAPTIONE (316)
THE (317) 45
TR (318) 43
TRE (319) 43
TD (320) 46
TDE (321) 46
LI (322) 27
LIE (323) 27
OL (324) 28
OLE (325) 28
IMG (326) 37
TEXT (327) 4 48
GREEK (328) 49
HREF (329) 22
SIZE (330) 21
IMGSRC (331) 38
IMGWIDTH (332) 39
IMGHEIGHT (333) 40
FIGURE (334) 32
FIGUREE (335) 32
FIGCAPTION (336) 33
FIGCAPTIONE (337) 33
ATITLE (338)
IMGFIGCAPTION (339)


Nonterminals, with rules where they appear

$accept (85)
    on left: 0
doc_start (86)
    on left: 1, on right: 0
content_head (87)
    on left: 2 3, on right: 1 2
content_title (88)
    on left: 4, on right: 2
content_body (89)
    on left: 5, on right: 1
alltags (90)
    on left: 6 7 8 9 10 11 12 13 14 15 16 17 18 19 20 21 22 23 24 25
    26 27 28 29 30 31 32 33 34 35 36, on right: 5 6 7 8 9 10 11 12
    13 14 15 16 17 18 19 20 21 22 23 24 25 26 27 28 29 30 31 32 33
    34 35
img_tag (91)
    on left: 37, on right: 34
img_attr (92)
    on left: 38 39 40 41, on right: 37 38 39 40
table_tag (93)
    on left: 42, on right: 35
table_data (94)
    on left: 43 44, on right: 42 43
tr_data (95)
    on left: 45 46 47, on right: 43 45 46
text (96)
    on left: 48 49 50, on right: 3 6 7 8 9 10 11 12 13 14 15 16 17
    18 19 20 21 22 23 24 25 26 27 28 29 30 31 32 33 34 35 36 45 46
    48 49


State 0

    0 $accept: . doc_start $end

    HTML  shift, and go to state 1

    doc_start  go to state 2


State 1

    1 doc_start: HTML . content_head content_body HTMLE

    HEAD  shift, and go to state 3

    $default  reduce using rule 50 (text)

    content_head  go to state 4
    text          go to state 5


State 2

    0 $accept: doc_start . $end

    $end  shift, and go to state 6


State 3

    2 content_head: HEAD . content_head content_title HEADE

    HEAD  shift, and go to state 3

    $default  reduce using rule 50 (text)

    content_head  go to state 7
    text          go to state 5


State 4

    1 doc_start: HTML content_head . content_body HTMLE

    BODY  shift, and go to state 8

    content_body  go to state 9


State 5

    3 content_head: text .
   48 text: text . TEXT
   49     | text . GREEK

    TEXT   shift, and go to state 10
    GREEK  shift, and go to state 11

    $default  reduce using rule 3 (content_head)


State 6

    0 $accept: doc_start $end .

    $default  accept


State 7

    2 content_head: HEAD content_head . content_title HEADE

    TITLE  shift, and go to state 12

    content_title  go to state 13


State 8

    5 content_body: BODY . alltags BODYE

    $default  reduce using rule 50 (text)

    alltags  go to state 14
    text     go to state 15


State 9

    1 doc_start: HTML content_head content_body . HTMLE

    HTMLE  shift, and go to state 16


State 10

   48 text: text TEXT .

    $default  reduce using rule 48 (text)


State 11

   49 text: text GREEK .

    $default  reduce using rule 49 (text)


State 12

    4 content_title: TITLE . TEXT TITLEE

    TEXT  shift, and go to state 17


State 13

    2 content_head: HEAD content_head content_title . HEADE

    HEADE  shift, and go to state 18


State 14

    5 content_body: BODY alltags . BODYE
    6 alltags: alltags . P alltags PE text
    7        | alltags . CENTER alltags CENTERE text
    8        | alltags . H1 alltags H1E text
    9        | alltags . H2 alltags H2E text
   10        | alltags . H3 alltags H3E text
   11        | alltags . H4 alltags H4E text
   12        | alltags . U alltags UE text
   13        | alltags . B alltags BE text
   14        | alltags . I alltags IE text
   15        | alltags . EM alltags EME text
   16        | alltags . TT alltags TTE text
   17        | alltags . STRONG alltags STRONGE text
   18        | alltags . SMALL alltags SMALLE text
   19        | alltags . SUB alltags SUBE text
   20        | alltags . SUP alltags SUPE text
   21        | alltags . FONT SIZE alltags FONTE text
   22        | alltags . A HREF alltags AE text
   23        | alltags . BR text
   24        | alltags . BRS text
   25        | alltags . DIV alltags DIVE text
   26        | alltags . UL alltags ULE text
   27        | alltags . LI alltags LIE text
   28        | alltags . OL alltags OLE text
   29        | alltags . DL alltags DLE text
   30        | alltags . DT alltags DTE text
   31        | alltags . DD alltags DDE text
   32        | alltags . FIGURE alltags FIGUREE text
   33        | alltags . FIGCAPTION alltags FIGCAPTIONE text
   34        | alltags . img_tag text
   35        | alltags . table_tag text

    A           shift, and go to state 19
    BODYE       shift, and go to state 20
    FONT        shift, and go to state 21
    CENTER      shift, and go to state 22
    BRS         shift, and go to state 23
    BR          shift, and go to state 24
    P           shift, and go to state 25
    H1          shift, and go to state 26
    H2          shift, and go to state 27
    H3          shift, and go to state 28
    H4          shift, and go to state 29
    UL          shift, and go to state 30
    DL          shift, and go to state 31
    DT          shift, and go to state 32
    DD          shift, and go to state 33
    DIV         shift, and go to state 34
    U           shift, and go to state 35
    B           shift, and go to state 36
    I           shift, and go to state 37
    EM          shift, and go to state 38
    TT          shift, and go to state 39
    STRONG      shift, and go to state 40
    SMALL       shift, and go to state 41
    SUB         shift, and go to state 42
    SUP         shift, and go to state 43
    TABLE       shift, and go to state 44
    LI          shift, and go to state 45
    OL          shift, and go to state 46
    IMG         shift, and go to state 47
    FIGURE      shift, and go to state 48
    FIGCAPTION  shift, and go to state 49

    img_tag    go to state 50
    table_tag  go to state 51


State 15

   36 alltags: text .
   48 text: text . TEXT
   49     | text . GREEK

    TEXT   shift, and go to state 10
    GREEK  shift, and go to state 11

    $default  reduce using rule 36 (alltags)


State 16

    1 doc_start: HTML content_head content_body HTMLE .

    $default  reduce using rule 1 (doc_start)


State 17

    4 content_title: TITLE TEXT . TITLEE

    TITLEE  shift, and go to state 52


State 18

    2 content_head: HEAD content_head content_title HEADE .

    $default  reduce using rule 2 (content_head)


State 19

   22 alltags: alltags A . HREF alltags AE text

    HREF  shift, and go to state 53


State 20

    5 content_body: BODY alltags BODYE .

    $default  reduce using rule 5 (content_body)


State 21

   21 alltags: alltags FONT . SIZE alltags FONTE text

    SIZE  shift, and go to state 54


State 22

    7 alltags: alltags CENTER . alltags CENTERE text

    $default  reduce using rule 50 (text)

    alltags  go to state 55
    text     go to state 15


State 23

   24 alltags: alltags BRS . text

    $default  reduce using rule 50 (text)

    text  go to state 56


State 24

   23 alltags: alltags BR . text

    $default  reduce using rule 50 (text)

    text  go to state 57


State 25

    6 alltags: alltags P . alltags PE text

    $default  reduce using rule 50 (text)

    alltags  go to state 58
    text     go to state 15


State 26

    8 alltags: alltags H1 . alltags H1E text

    $default  reduce using rule 50 (text)

    alltags  go to state 59
    text     go to state 15


State 27

    9 alltags: alltags H2 . alltags H2E text

    $default  reduce using rule 50 (text)

    alltags  go to state 60
    text     go to state 15


State 28

   10 alltags: alltags H3 . alltags H3E text

    $default  reduce using rule 50 (text)

    alltags  go to state 61
    text     go to state 15


State 29

   11 alltags: alltags H4 . alltags H4E text

    $default  reduce using rule 50 (text)

    alltags  go to state 62
    text     go to state 15


State 30

   26 alltags: alltags UL . alltags ULE text

    $default  reduce using rule 50 (text)

    alltags  go to state 63
    text     go to state 15


State 31

   29 alltags: alltags DL . alltags DLE text

    $default  reduce using rule 50 (text)

    alltags  go to state 64
    text     go to state 15


State 32

   30 alltags: alltags DT . alltags DTE text

    $default  reduce using rule 50 (text)

    alltags  go to state 65
    text     go to state 15


State 33

   31 alltags: alltags DD . alltags DDE text

    $default  reduce using rule 50 (text)

    alltags  go to state 66
    text     go to state 15


State 34

   25 alltags: alltags DIV . alltags DIVE text

    $default  reduce using rule 50 (text)

    alltags  go to state 67
    text     go to state 15


State 35

   12 alltags: alltags U . alltags UE text

    $default  reduce using rule 50 (text)

    alltags  go to state 68
    text     go to state 15


State 36

   13 alltags: alltags B . alltags BE text

    $default  reduce using rule 50 (text)

    alltags  go to state 69
    text     go to state 15


State 37

   14 alltags: alltags I . alltags IE text

    $default  reduce using rule 50 (text)

    alltags  go to state 70
    text     go to state 15


State 38

   15 alltags: alltags EM . alltags EME text

    $default  reduce using rule 50 (text)

    alltags  go to state 71
    text     go to state 15


State 39

   16 alltags: alltags TT . alltags TTE text

    $default  reduce using rule 50 (text)

    alltags  go to state 72
    text     go to state 15


State 40

   17 alltags: alltags STRONG . alltags STRONGE text

    $default  reduce using rule 50 (text)

    alltags  go to state 73
    text     go to state 15


State 41

   18 alltags: alltags SMALL . alltags SMALLE text

    $default  reduce using rule 50 (text)

    alltags  go to state 74
    text     go to state 15


State 42

   19 alltags: alltags SUB . alltags SUBE text

    $default  reduce using rule 50 (text)

    alltags  go to state 75
    text     go to state 15


State 43

   20 alltags: alltags SUP . alltags SUPE text

    $default  reduce using rule 50 (text)

    alltags  go to state 76
    text     go to state 15


State 44

   42 table_tag: TABLE . table_data TABLEE

    $default  reduce using rule 44 (table_data)

    table_data  go to state 77


State 45

   27 alltags: alltags LI . alltags LIE text

    $default  reduce using rule 50 (text)

    alltags  go to state 78
    text     go to state 15


State 46

   28 alltags: alltags OL . alltags OLE text

    $default  reduce using rule 50 (text)

    alltags  go to state 79
    text     go to state 15


State 47

   37 img_tag: IMG . img_attr

    $default  reduce using rule 41 (img_attr)

    img_attr  go to state 80


State 48

   32 alltags: alltags FIGURE . alltags FIGUREE text

    $default  reduce using rule 50 (text)

    alltags  go to state 81
    text     go to state 15


State 49

   33 alltags: alltags FIGCAPTION . alltags FIGCAPTIONE text

    $default  reduce using rule 50 (text)

    alltags  go to state 82
    text     go to state 15


State 50

   34 alltags: alltags img_tag . text

    $default  reduce using rule 50 (text)

    text  go to state 83


State 51

   35 alltags: alltags table_tag . text

    $default  reduce using rule 50 (text)

    text  go to state 84


State 52

    4 content_title: TITLE TEXT TITLEE .

    $default  reduce using rule 4 (content_title)


State 53

   22 alltags: alltags A HREF . alltags AE text

    $default  reduce using rule 50 (text)

    alltags  go to state 85
    text     go to state 15


State 54

   21 alltags: alltags FONT SIZE . alltags FONTE text

    $default  reduce using rule 50 (text)

    alltags  go to state 86
    text     go to state 15


State 55

    6 alltags: alltags . P alltags PE text
    7        | alltags . CENTER alltags CENTERE text
    7        | alltags CENTER alltags . CENTERE text
    8        | alltags . H1 alltags H1E text
    9        | alltags . H2 alltags H2E text
   10        | alltags . H3 alltags H3E text
   11        | alltags . H4 alltags H4E text
   12        | alltags . U alltags UE text
   13        | alltags . B alltags BE text
   14        | alltags . I alltags IE text
   15        | alltags . EM alltags EME text
   16        | alltags . TT alltags TTE text
   17        | alltags . STRONG alltags STRONGE text
   18        | alltags . SMALL alltags SMALLE text
   19        | alltags . SUB alltags SUBE text
   20        | alltags . SUP alltags SUPE text
   21        | alltags . FONT SIZE alltags FONTE text
   22        | alltags . A HREF alltags AE text
   23        | alltags . BR text
   24        | alltags . BRS text
   25        | alltags . DIV alltags DIVE text
   26        | alltags . UL alltags ULE text
   27        | alltags . LI alltags LIE text
   28        | alltags . OL alltags OLE text
   29        | alltags . DL alltags DLE text
   30        | alltags . DT alltags DTE text
   31        | alltags . DD alltags DDE text
   32        | alltags . FIGURE alltags FIGUREE text
   33        | alltags . FIGCAPTION alltags FIGCAPTIONE text
   34        | alltags . img_tag text
   35        | alltags . table_tag text

    A           shift, and go to state 19
    FONT        shift, and go to state 21
    CENTER      shift, and go to state 22
    CENTERE     shift, and go to state 87
    BRS         shift, and go to state 23
    BR          shift, and go to state 24
    P           shift, and go to state 25
    H1          shift, and go to state 26
    H2          shift, and go to state 27
    H3          shift, and go to state 28
    H4          shift, and go to state 29
    UL          shift, and go to state 30
    DL          shift, and go to state 31
    DT          shift, and go to state 32
    DD          shift, and go to state 33
    DIV         shift, and go to state 34
    U           shift, and go to state 35
    B           shift, and go to state 36
    I           shift, and go to state 37
    EM          shift, and go to state 38
    TT          shift, and go to state 39
    STRONG      shift, and go to state 40
    SMALL       shift, and go to state 41
    SUB         shift, and go to state 42
    SUP         shift, and go to state 43
    TABLE       shift, and go to state 44
    LI          shift, and go to state 45
    OL          shift, and go to state 46
    IMG         shift, and go to state 47
    FIGURE      shift, and go to state 48
    FIGCAPTION  shift, and go to state 49

    img_tag    go to state 50
    table_tag  go to state 51


State 56

   24 alltags: alltags BRS text .
   48 text: text . TEXT
   49     | text . GREEK

    TEXT   shift, and go to state 10
    GREEK  shift, and go to state 11

    $default  reduce using rule 24 (alltags)


State 57

   23 alltags: alltags BR text .
   48 text: text . TEXT
   49     | text . GREEK

    TEXT   shift, and go to state 10
    GREEK  shift, and go to state 11

    $default  reduce using rule 23 (alltags)


State 58

    6 alltags: alltags . P alltags PE text
    6        | alltags P alltags . PE text
    7        | alltags . CENTER alltags CENTERE text
    8        | alltags . H1 alltags H1E text
    9        | alltags . H2 alltags H2E text
   10        | alltags . H3 alltags H3E text
   11        | alltags . H4 alltags H4E text
   12        | alltags . U alltags UE text
   13        | alltags . B alltags BE text
   14        | alltags . I alltags IE text
   15        | alltags . EM alltags EME text
   16        | alltags . TT alltags TTE text
   17        | alltags . STRONG alltags STRONGE text
   18        | alltags . SMALL alltags SMALLE text
   19        | alltags . SUB alltags SUBE text
   20        | alltags . SUP alltags SUPE text
   21        | alltags . FONT SIZE alltags FONTE text
   22        | alltags . A HREF alltags AE text
   23        | alltags . BR text
   24        | alltags . BRS text
   25        | alltags . DIV alltags DIVE text
   26        | alltags . UL alltags ULE text
   27        | alltags . LI alltags LIE text
   28        | alltags . OL alltags OLE text
   29        | alltags . DL alltags DLE text
   30        | alltags . DT alltags DTE text
   31        | alltags . DD alltags DDE text
   32        | alltags . FIGURE alltags FIGUREE text
   33        | alltags . FIGCAPTION alltags FIGCAPTIONE text
   34        | alltags . img_tag text
   35        | alltags . table_tag text

    A           shift, and go to state 19
    FONT        shift, and go to state 21
    CENTER      shift, and go to state 22
    BRS         shift, and go to state 23
    BR          shift, and go to state 24
    P           shift, and go to state 25
    PE          shift, and go to state 88
    H1          shift, and go to state 26
    H2          shift, and go to state 27
    H3          shift, and go to state 28
    H4          shift, and go to state 29
    UL          shift, and go to state 30
    DL          shift, and go to state 31
    DT          shift, and go to state 32
    DD          shift, and go to state 33
    DIV         shift, and go to state 34
    U           shift, and go to state 35
    B           shift, and go to state 36
    I           shift, and go to state 37
    EM          shift, and go to state 38
    TT          shift, and go to state 39
    STRONG      shift, and go to state 40
    SMALL       shift, and go to state 41
    SUB         shift, and go to state 42
    SUP         shift, and go to state 43
    TABLE       shift, and go to state 44
    LI          shift, and go to state 45
    OL          shift, and go to state 46
    IMG         shift, and go to state 47
    FIGURE      shift, and go to state 48
    FIGCAPTION  shift, and go to state 49

    img_tag    go to state 50
    table_tag  go to state 51


State 59

    6 alltags: alltags . P alltags PE text
    7        | alltags . CENTER alltags CENTERE text
    8        | alltags . H1 alltags H1E text
    8        | alltags H1 alltags . H1E text
    9        | alltags . H2 alltags H2E text
   10        | alltags . H3 alltags H3E text
   11        | alltags . H4 alltags H4E text
   12        | alltags . U alltags UE text
   13        | alltags . B alltags BE text
   14        | alltags . I alltags IE text
   15        | alltags . EM alltags EME text
   16        | alltags . TT alltags TTE text
   17        | alltags . STRONG alltags STRONGE text
   18        | alltags . SMALL alltags SMALLE text
   19        | alltags . SUB alltags SUBE text
   20        | alltags . SUP alltags SUPE text
   21        | alltags . FONT SIZE alltags FONTE text
   22        | alltags . A HREF alltags AE text
   23        | alltags . BR text
   24        | alltags . BRS text
   25        | alltags . DIV alltags DIVE text
   26        | alltags . UL alltags ULE text
   27        | alltags . LI alltags LIE text
   28        | alltags . OL alltags OLE text
   29        | alltags . DL alltags DLE text
   30        | alltags . DT alltags DTE text
   31        | alltags . DD alltags DDE text
   32        | alltags . FIGURE alltags FIGUREE text
   33        | alltags . FIGCAPTION alltags FIGCAPTIONE text
   34        | alltags . img_tag text
   35        | alltags . table_tag text

    A           shift, and go to state 19
    FONT        shift, and go to state 21
    CENTER      shift, and go to state 22
    BRS         shift, and go to state 23
    BR          shift, and go to state 24
    P           shift, and go to state 25
    H1          shift, and go to state 26
    H1E         shift, and go to state 89
    H2          shift, and go to state 27
    H3          shift, and go to state 28
    H4          shift, and go to state 29
    UL          shift, and go to state 30
    DL          shift, and go to state 31
    DT          shift, and go to state 32
    DD          shift, and go to state 33
    DIV         shift, and go to state 34
    U           shift, and go to state 35
    B           shift, and go to state 36
    I           shift, and go to state 37
    EM          shift, and go to state 38
    TT          shift, and go to state 39
    STRONG      shift, and go to state 40
    SMALL       shift, and go to state 41
    SUB         shift, and go to state 42
    SUP         shift, and go to state 43
    TABLE       shift, and go to state 44
    LI          shift, and go to state 45
    OL          shift, and go to state 46
    IMG         shift, and go to state 47
    FIGURE      shift, and go to state 48
    FIGCAPTION  shift, and go to state 49

    img_tag    go to state 50
    table_tag  go to state 51


State 60

    6 alltags: alltags . P alltags PE text
    7        | alltags . CENTER alltags CENTERE text
    8        | alltags . H1 alltags H1E text
    9        | alltags . H2 alltags H2E text
    9        | alltags H2 alltags . H2E text
   10        | alltags . H3 alltags H3E text
   11        | alltags . H4 alltags H4E text
   12        | alltags . U alltags UE text
   13        | alltags . B alltags BE text
   14        | alltags . I alltags IE text
   15        | alltags . EM alltags EME text
   16        | alltags . TT alltags TTE text
   17        | alltags . STRONG alltags STRONGE text
   18        | alltags . SMALL alltags SMALLE text
   19        | alltags . SUB alltags SUBE text
   20        | alltags . SUP alltags SUPE text
   21        | alltags . FONT SIZE alltags FONTE text
   22        | alltags . A HREF alltags AE text
   23        | alltags . BR text
   24        | alltags . BRS text
   25        | alltags . DIV alltags DIVE text
   26        | alltags . UL alltags ULE text
   27        | alltags . LI alltags LIE text
   28        | alltags . OL alltags OLE text
   29        | alltags . DL alltags DLE text
   30        | alltags . DT alltags DTE text
   31        | alltags . DD alltags DDE text
   32        | alltags . FIGURE alltags FIGUREE text
   33        | alltags . FIGCAPTION alltags FIGCAPTIONE text
   34        | alltags . img_tag text
   35        | alltags . table_tag text

    A           shift, and go to state 19
    FONT        shift, and go to state 21
    CENTER      shift, and go to state 22
    BRS         shift, and go to state 23
    BR          shift, and go to state 24
    P           shift, and go to state 25
    H1          shift, and go to state 26
    H2          shift, and go to state 27
    H2E         shift, and go to state 90
    H3          shift, and go to state 28
    H4          shift, and go to state 29
    UL          shift, and go to state 30
    DL          shift, and go to state 31
    DT          shift, and go to state 32
    DD          shift, and go to state 33
    DIV         shift, and go to state 34
    U           shift, and go to state 35
    B           shift, and go to state 36
    I           shift, and go to state 37
    EM          shift, and go to state 38
    TT          shift, and go to state 39
    STRONG      shift, and go to state 40
    SMALL       shift, and go to state 41
    SUB         shift, and go to state 42
    SUP         shift, and go to state 43
    TABLE       shift, and go to state 44
    LI          shift, and go to state 45
    OL          shift, and go to state 46
    IMG         shift, and go to state 47
    FIGURE      shift, and go to state 48
    FIGCAPTION  shift, and go to state 49

    img_tag    go to state 50
    table_tag  go to state 51


State 61

    6 alltags: alltags . P alltags PE text
    7        | alltags . CENTER alltags CENTERE text
    8        | alltags . H1 alltags H1E text
    9        | alltags . H2 alltags H2E text
   10        | alltags . H3 alltags H3E text
   10        | alltags H3 alltags . H3E text
   11        | alltags . H4 alltags H4E text
   12        | alltags . U alltags UE text
   13        | alltags . B alltags BE text
   14        | alltags . I alltags IE text
   15        | alltags . EM alltags EME text
   16        | alltags . TT alltags TTE text
   17        | alltags . STRONG alltags STRONGE text
   18        | alltags . SMALL alltags SMALLE text
   19        | alltags . SUB alltags SUBE text
   20        | alltags . SUP alltags SUPE text
   21        | alltags . FONT SIZE alltags FONTE text
   22        | alltags . A HREF alltags AE text
   23        | alltags . BR text
   24        | alltags . BRS text
   25        | alltags . DIV alltags DIVE text
   26        | alltags . UL alltags ULE text
   27        | alltags . LI alltags LIE text
   28        | alltags . OL alltags OLE text
   29        | alltags . DL alltags DLE text
   30        | alltags . DT alltags DTE text
   31        | alltags . DD alltags DDE text
   32        | alltags . FIGURE alltags FIGUREE text
   33        | alltags . FIGCAPTION alltags FIGCAPTIONE text
   34        | alltags . img_tag text
   35        | alltags . table_tag text

    A           shift, and go to state 19
    FONT        shift, and go to state 21
    CENTER      shift, and go to state 22
    BRS         shift, and go to state 23
    BR          shift, and go to state 24
    P           shift, and go to state 25
    H1          shift, and go to state 26
    H2          shift, and go to state 27
    H3          shift, and go to state 28
    H3E         shift, and go to state 91
    H4          shift, and go to state 29
    UL          shift, and go to state 30
    DL          shift, and go to state 31
    DT          shift, and go to state 32
    DD          shift, and go to state 33
    DIV         shift, and go to state 34
    U           shift, and go to state 35
    B           shift, and go to state 36
    I           shift, and go to state 37
    EM          shift, and go to state 38
    TT          shift, and go to state 39
    STRONG      shift, and go to state 40
    SMALL       shift, and go to state 41
    SUB         shift, and go to state 42
    SUP         shift, and go to state 43
    TABLE       shift, and go to state 44
    LI          shift, and go to state 45
    OL          shift, and go to state 46
    IMG         shift, and go to state 47
    FIGURE      shift, and go to state 48
    FIGCAPTION  shift, and go to state 49

    img_tag    go to state 50
    table_tag  go to state 51


State 62

    6 alltags: alltags . P alltags PE text
    7        | alltags . CENTER alltags CENTERE text
    8        | alltags . H1 alltags H1E text
    9        | alltags . H2 alltags H2E text
   10        | alltags . H3 alltags H3E text
   11        | alltags . H4 alltags H4E text
   11        | alltags H4 alltags . H4E text
   12        | alltags . U alltags UE text
   13        | alltags . B alltags BE text
   14        | alltags . I alltags IE text
   15        | alltags . EM alltags EME text
   16        | alltags . TT alltags TTE text
   17        | alltags . STRONG alltags STRONGE text
   18        | alltags . SMALL alltags SMALLE text
   19        | alltags . SUB alltags SUBE text
   20        | alltags . SUP alltags SUPE text
   21        | alltags . FONT SIZE alltags FONTE text
   22        | alltags . A HREF alltags AE text
   23        | alltags . BR text
   24        | alltags . BRS text
   25        | alltags . DIV alltags DIVE text
   26        | alltags . UL alltags ULE text
   27        | alltags . LI alltags LIE text
   28        | alltags . OL alltags OLE text
   29        | alltags . DL alltags DLE text
   30        | alltags . DT alltags DTE text
   31        | alltags . DD alltags DDE text
   32        | alltags . FIGURE alltags FIGUREE text
   33        | alltags . FIGCAPTION alltags FIGCAPTIONE text
   34        | alltags . img_tag text
   35        | alltags . table_tag text

    A           shift, and go to state 19
    FONT        shift, and go to state 21
    CENTER      shift, and go to state 22
    BRS         shift, and go to state 23
    BR          shift, and go to state 24
    P           shift, and go to state 25
    H1          shift, and go to state 26
    H2          shift, and go to state 27
    H3          shift, and go to state 28
    H4          shift, and go to state 29
    H4E         shift, and go to state 92
    UL          shift, and go to state 30
    DL          shift, and go to state 31
    DT          shift, and go to state 32
    DD          shift, and go to state 33
    DIV         shift, and go to state 34
    U           shift, and go to state 35
    B           shift, and go to state 36
    I           shift, and go to state 37
    EM          shift, and go to state 38
    TT          shift, and go to state 39
    STRONG      shift, and go to state 40
    SMALL       shift, and go to state 41
    SUB         shift, and go to state 42
    SUP         shift, and go to state 43
    TABLE       shift, and go to state 44
    LI          shift, and go to state 45
    OL          shift, and go to state 46
    IMG         shift, and go to state 47
    FIGURE      shift, and go to state 48
    FIGCAPTION  shift, and go to state 49

    img_tag    go to state 50
    table_tag  go to state 51


State 63

    6 alltags: alltags . P alltags PE text
    7        | alltags . CENTER alltags CENTERE text
    8        | alltags . H1 alltags H1E text
    9        | alltags . H2 alltags H2E text
   10        | alltags . H3 alltags H3E text
   11        | alltags . H4 alltags H4E text
   12        | alltags . U alltags UE text
   13        | alltags . B alltags BE text
   14        | alltags . I alltags IE text
   15        | alltags . EM alltags EME text
   16        | alltags . TT alltags TTE text
   17        | alltags . STRONG alltags STRONGE text
   18        | alltags . SMALL alltags SMALLE text
   19        | alltags . SUB alltags SUBE text
   20        | alltags . SUP alltags SUPE text
   21        | alltags . FONT SIZE alltags FONTE text
   22        | alltags . A HREF alltags AE text
   23        | alltags . BR text
   24        | alltags . BRS text
   25        | alltags . DIV alltags DIVE text
   26        | alltags . UL alltags ULE text
   26        | alltags UL alltags . ULE text
   27        | alltags . LI alltags LIE text
   28        | alltags . OL alltags OLE text
   29        | alltags . DL alltags DLE text
   30        | alltags . DT alltags DTE text
   31        | alltags . DD alltags DDE text
   32        | alltags . FIGURE alltags FIGUREE text
   33        | alltags . FIGCAPTION alltags FIGCAPTIONE text
   34        | alltags . img_tag text
   35        | alltags . table_tag text

    A           shift, and go to state 19
    FONT        shift, and go to state 21
    CENTER      shift, and go to state 22
    BRS         shift, and go to state 23
    BR          shift, and go to state 24
    P           shift, and go to state 25
    H1          shift, and go to state 26
    H2          shift, and go to state 27
    H3          shift, and go to state 28
    H4          shift, and go to state 29
    UL          shift, and go to state 30
    ULE         shift, and go to state 93
    DL          shift, and go to state 31
    DT          shift, and go to state 32
    DD          shift, and go to state 33
    DIV         shift, and go to state 34
    U           shift, and go to state 35
    B           shift, and go to state 36
    I           shift, and go to state 37
    EM          shift, and go to state 38
    TT          shift, and go to state 39
    STRONG      shift, and go to state 40
    SMALL       shift, and go to state 41
    SUB         shift, and go to state 42
    SUP         shift, and go to state 43
    TABLE       shift, and go to state 44
    LI          shift, and go to state 45
    OL          shift, and go to state 46
    IMG         shift, and go to state 47
    FIGURE      shift, and go to state 48
    FIGCAPTION  shift, and go to state 49

    img_tag    go to state 50
    table_tag  go to state 51


State 64

    6 alltags: alltags . P alltags PE text
    7        | alltags . CENTER alltags CENTERE text
    8        | alltags . H1 alltags H1E text
    9        | alltags . H2 alltags H2E text
   10        | alltags . H3 alltags H3E text
   11        | alltags . H4 alltags H4E text
   12        | alltags . U alltags UE text
   13        | alltags . B alltags BE text
   14        | alltags . I alltags IE text
   15        | alltags . EM alltags EME text
   16        | alltags . TT alltags TTE text
   17        | alltags . STRONG alltags STRONGE text
   18        | alltags . SMALL alltags SMALLE text
   19        | alltags . SUB alltags SUBE text
   20        | alltags . SUP alltags SUPE text
   21        | alltags . FONT SIZE alltags FONTE text
   22        | alltags . A HREF alltags AE text
   23        | alltags . BR text
   24        | alltags . BRS text
   25        | alltags . DIV alltags DIVE text
   26        | alltags . UL alltags ULE text
   27        | alltags . LI alltags LIE text
   28        | alltags . OL alltags OLE text
   29        | alltags . DL alltags DLE text
   29        | alltags DL alltags . DLE text
   30        | alltags . DT alltags DTE text
   31        | alltags . DD alltags DDE text
   32        | alltags . FIGURE alltags FIGUREE text
   33        | alltags . FIGCAPTION alltags FIGCAPTIONE text
   34        | alltags . img_tag text
   35        | alltags . table_tag text

    A           shift, and go to state 19
    FONT        shift, and go to state 21
    CENTER      shift, and go to state 22
    BRS         shift, and go to state 23
    BR          shift, and go to state 24
    P           shift, and go to state 25
    H1          shift, and go to state 26
    H2          shift, and go to state 27
    H3          shift, and go to state 28
    H4          shift, and go to state 29
    UL          shift, and go to state 30
    DL          shift, and go to state 31
    DLE         shift, and go to state 94
    DT          shift, and go to state 32
    DD          shift, and go to state 33
    DIV         shift, and go to state 34
    U           shift, and go to state 35
    B           shift, and go to state 36
    I           shift, and go to state 37
    EM          shift, and go to state 38
    TT          shift, and go to state 39
    STRONG      shift, and go to state 40
    SMALL       shift, and go to state 41
    SUB         shift, and go to state 42
    SUP         shift, and go to state 43
    TABLE       shift, and go to state 44
    LI          shift, and go to state 45
    OL          shift, and go to state 46
    IMG         shift, and go to state 47
    FIGURE      shift, and go to state 48
    FIGCAPTION  shift, and go to state 49

    img_tag    go to state 50
    table_tag  go to state 51


State 65

    6 alltags: alltags . P alltags PE text
    7        | alltags . CENTER alltags CENTERE text
    8        | alltags . H1 alltags H1E text
    9        | alltags . H2 alltags H2E text
   10        | alltags . H3 alltags H3E text
   11        | alltags . H4 alltags H4E text
   12        | alltags . U alltags UE text
   13        | alltags . B alltags BE text
   14        | alltags . I alltags IE text
   15        | alltags . EM alltags EME text
   16        | alltags . TT alltags TTE text
   17        | alltags . STRONG alltags STRONGE text
   18        | alltags . SMALL alltags SMALLE text
   19        | alltags . SUB alltags SUBE text
   20        | alltags . SUP alltags SUPE text
   21        | alltags . FONT SIZE alltags FONTE text
   22        | alltags . A HREF alltags AE text
   23        | alltags . BR text
   24        | alltags . BRS text
   25        | alltags . DIV alltags DIVE text
   26        | alltags . UL alltags ULE text
   27        | alltags . LI alltags LIE text
   28        | alltags . OL alltags OLE text
   29        | alltags . DL alltags DLE text
   30        | alltags . DT alltags DTE text
   30        | alltags DT alltags . DTE text
   31        | alltags . DD alltags DDE text
   32        | alltags . FIGURE alltags FIGUREE text
   33        | alltags . FIGCAPTION alltags FIGCAPTIONE text
   34        | alltags . img_tag text
   35        | alltags . table_tag text

    A           shift, and go to state 19
    FONT        shift, and go to state 21
    CENTER      shift, and go to state 22
    BRS         shift, and go to state 23
    BR          shift, and go to state 24
    P           shift, and go to state 25
    H1          shift, and go to state 26
    H2          shift, and go to state 27
    H3          shift, and go to state 28
    H4          shift, and go to state 29
    UL          shift, and go to state 30
    DL          shift, and go to state 31
    DT          shift, and go to state 32
    DTE         shift, and go to state 95
    DD          shift, and go to state 33
    DIV         shift, and go to state 34
    U           shift, and go to state 35
    B           shift, and go to state 36
    I           shift, and go to state 37
    EM          shift, and go to state 38
    TT          shift, and go to state 39
    STRONG      shift, and go to state 40
    SMALL       shift, and go to state 41
    SUB         shift, and go to state 42
    SUP         shift, and go to state 43
    TABLE       shift, and go to state 44
    LI          shift, and go to state 45
    OL          shift, and go to state 46
    IMG         shift, and go to state 47
    FIGURE      shift, and go to state 48
    FIGCAPTION  shift, and go to state 49

    img_tag    go to state 50
    table_tag  go to state 51


State 66

    6 alltags: alltags . P alltags PE text
    7        | alltags . CENTER alltags CENTERE text
    8        | alltags . H1 alltags H1E text
    9        | alltags . H2 alltags H2E text
   10        | alltags . H3 alltags H3E text
   11        | alltags . H4 alltags H4E text
   12        | alltags . U alltags UE text
   13        | alltags . B alltags BE text
   14        | alltags . I alltags IE text
   15        | alltags . EM alltags EME text
   16        | alltags . TT alltags TTE text
   17        | alltags . STRONG alltags STRONGE text
   18        | alltags . SMALL alltags SMALLE text
   19        | alltags . SUB alltags SUBE text
   20        | alltags . SUP alltags SUPE text
   21        | alltags . FONT SIZE alltags FONTE text
   22        | alltags . A HREF alltags AE text
   23        | alltags . BR text
   24        | alltags . BRS text
   25        | alltags . DIV alltags DIVE text
   26        | alltags . UL alltags ULE text
   27        | alltags . LI alltags LIE text
   28        | alltags . OL alltags OLE text
   29        | alltags . DL alltags DLE text
   30        | alltags . DT alltags DTE text
   31        | alltags . DD alltags DDE text
   31        | alltags DD alltags . DDE text
   32        | alltags . FIGURE alltags FIGUREE text
   33        | alltags . FIGCAPTION alltags FIGCAPTIONE text
   34        | alltags . img_tag text
   35        | alltags . table_tag text

    A           shift, and go to state 19
    FONT        shift, and go to state 21
    CENTER      shift, and go to state 22
    BRS         shift, and go to state 23
    BR          shift, and go to state 24
    P           shift, and go to state 25
    H1          shift, and go to state 26
    H2          shift, and go to state 27
    H3          shift, and go to state 28
    H4          shift, and go to state 29
    UL          shift, and go to state 30
    DL          shift, and go to state 31
    DT          shift, and go to state 32
    DD          shift, and go to state 33
    DDE         shift, and go to state 96
    DIV         shift, and go to state 34
    U           shift, and go to state 35
    B           shift, and go to state 36
    I           shift, and go to state 37
    EM          shift, and go to state 38
    TT          shift, and go to state 39
    STRONG      shift, and go to state 40
    SMALL       shift, and go to state 41
    SUB         shift, and go to state 42
    SUP         shift, and go to state 43
    TABLE       shift, and go to state 44
    LI          shift, and go to state 45
    OL          shift, and go to state 46
    IMG         shift, and go to state 47
    FIGURE      shift, and go to state 48
    FIGCAPTION  shift, and go to state 49

    img_tag    go to state 50
    table_tag  go to state 51


State 67

    6 alltags: alltags . P alltags PE text
    7        | alltags . CENTER alltags CENTERE text
    8        | alltags . H1 alltags H1E text
    9        | alltags . H2 alltags H2E text
   10        | alltags . H3 alltags H3E text
   11        | alltags . H4 alltags H4E text
   12        | alltags . U alltags UE text
   13        | alltags . B alltags BE text
   14        | alltags . I alltags IE text
   15        | alltags . EM alltags EME text
   16        | alltags . TT alltags TTE text
   17        | alltags . STRONG alltags STRONGE text
   18        | alltags . SMALL alltags SMALLE text
   19        | alltags . SUB alltags SUBE text
   20        | alltags . SUP alltags SUPE text
   21        | alltags . FONT SIZE alltags FONTE text
   22        | alltags . A HREF alltags AE text
   23        | alltags . BR text
   24        | alltags . BRS text
   25        | alltags . DIV alltags DIVE text
   25        | alltags DIV alltags . DIVE text
   26        | alltags . UL alltags ULE text
   27        | alltags . LI alltags LIE text
   28        | alltags . OL alltags OLE text
   29        | alltags . DL alltags DLE text
   30        | alltags . DT alltags DTE text
   31        | alltags . DD alltags DDE text
   32        | alltags . FIGURE alltags FIGUREE text
   33        | alltags . FIGCAPTION alltags FIGCAPTIONE text
   34        | alltags . img_tag text
   35        | alltags . table_tag text

    A           shift, and go to state 19
    FONT        shift, and go to state 21
    CENTER      shift, and go to state 22
    BRS         shift, and go to state 23
    BR          shift, and go to state 24
    P           shift, and go to state 25
    H1          shift, and go to state 26
    H2          shift, and go to state 27
    H3          shift, and go to state 28
    H4          shift, and go to state 29
    UL          shift, and go to state 30
    DL          shift, and go to state 31
    DT          shift, and go to state 32
    DD          shift, and go to state 33
    DIV         shift, and go to state 34
    DIVE        shift, and go to state 97
    U           shift, and go to state 35
    B           shift, and go to state 36
    I           shift, and go to state 37
    EM          shift, and go to state 38
    TT          shift, and go to state 39
    STRONG      shift, and go to state 40
    SMALL       shift, and go to state 41
    SUB         shift, and go to state 42
    SUP         shift, and go to state 43
    TABLE       shift, and go to state 44
    LI          shift, and go to state 45
    OL          shift, and go to state 46
    IMG         shift, and go to state 47
    FIGURE      shift, and go to state 48
    FIGCAPTION  shift, and go to state 49

    img_tag    go to state 50
    table_tag  go to state 51


State 68

    6 alltags: alltags . P alltags PE text
    7        | alltags . CENTER alltags CENTERE text
    8        | alltags . H1 alltags H1E text
    9        | alltags . H2 alltags H2E text
   10        | alltags . H3 alltags H3E text
   11        | alltags . H4 alltags H4E text
   12        | alltags . U alltags UE text
   12        | alltags U alltags . UE text
   13        | alltags . B alltags BE text
   14        | alltags . I alltags IE text
   15        | alltags . EM alltags EME text
   16        | alltags . TT alltags TTE text
   17        | alltags . STRONG alltags STRONGE text
   18        | alltags . SMALL alltags SMALLE text
   19        | alltags . SUB alltags SUBE text
   20        | alltags . SUP alltags SUPE text
   21        | alltags . FONT SIZE alltags FONTE text
   22        | alltags . A HREF alltags AE text
   23        | alltags . BR text
   24        | alltags . BRS text
   25        | alltags . DIV alltags DIVE text
   26        | alltags . UL alltags ULE text
   27        | alltags . LI alltags LIE text
   28        | alltags . OL alltags OLE text
   29        | alltags . DL alltags DLE text
   30        | alltags . DT alltags DTE text
   31        | alltags . DD alltags DDE text
   32        | alltags . FIGURE alltags FIGUREE text
   33        | alltags . FIGCAPTION alltags FIGCAPTIONE text
   34        | alltags . img_tag text
   35        | alltags . table_tag text

    A           shift, and go to state 19
    FONT        shift, and go to state 21
    CENTER      shift, and go to state 22
    BRS         shift, and go to state 23
    BR          shift, and go to state 24
    P           shift, and go to state 25
    H1          shift, and go to state 26
    H2          shift, and go to state 27
    H3          shift, and go to state 28
    H4          shift, and go to state 29
    UL          shift, and go to state 30
    DL          shift, and go to state 31
    DT          shift, and go to state 32
    DD          shift, and go to state 33
    DIV         shift, and go to state 34
    U           shift, and go to state 35
    UE          shift, and go to state 98
    B           shift, and go to state 36
    I           shift, and go to state 37
    EM          shift, and go to state 38
    TT          shift, and go to state 39
    STRONG      shift, and go to state 40
    SMALL       shift, and go to state 41
    SUB         shift, and go to state 42
    SUP         shift, and go to state 43
    TABLE       shift, and go to state 44
    LI          shift, and go to state 45
    OL          shift, and go to state 46
    IMG         shift, and go to state 47
    FIGURE      shift, and go to state 48
    FIGCAPTION  shift, and go to state 49

    img_tag    go to state 50
    table_tag  go to state 51


State 69

    6 alltags: alltags . P alltags PE text
    7        | alltags . CENTER alltags CENTERE text
    8        | alltags . H1 alltags H1E text
    9        | alltags . H2 alltags H2E text
   10        | alltags . H3 alltags H3E text
   11        | alltags . H4 alltags H4E text
   12        | alltags . U alltags UE text
   13        | alltags . B alltags BE text
   13        | alltags B alltags . BE text
   14        | alltags . I alltags IE text
   15        | alltags . EM alltags EME text
   16        | alltags . TT alltags TTE text
   17        | alltags . STRONG alltags STRONGE text
   18        | alltags . SMALL alltags SMALLE text
   19        | alltags . SUB alltags SUBE text
   20        | alltags . SUP alltags SUPE text
   21        | alltags . FONT SIZE alltags FONTE text
   22        | alltags . A HREF alltags AE text
   23        | alltags . BR text
   24        | alltags . BRS text
   25        | alltags . DIV alltags DIVE text
   26        | alltags . UL alltags ULE text
   27        | alltags . LI alltags LIE text
   28        | alltags . OL alltags OLE text
   29        | alltags . DL alltags DLE text
   30        | alltags . DT alltags DTE text
   31        | alltags . DD alltags DDE text
   32        | alltags . FIGURE alltags FIGUREE text
   33        | alltags . FIGCAPTION alltags FIGCAPTIONE text
   34        | alltags . img_tag text
   35        | alltags . table_tag text

    A           shift, and go to state 19
    FONT        shift, and go to state 21
    CENTER      shift, and go to state 22
    BRS         shift, and go to state 23
    BR          shift, and go to state 24
    P           shift, and go to state 25
    H1          shift, and go to state 26
    H2          shift, and go to state 27
    H3          shift, and go to state 28
    H4          shift, and go to state 29
    UL          shift, and go to state 30
    DL          shift, and go to state 31
    DT          shift, and go to state 32
    DD          shift, and go to state 33
    DIV         shift, and go to state 34
    U           shift, and go to state 35
    B           shift, and go to state 36
    BE          shift, and go to state 99
    I           shift, and go to state 37
    EM          shift, and go to state 38
    TT          shift, and go to state 39
    STRONG      shift, and go to state 40
    SMALL       shift, and go to state 41
    SUB         shift, and go to state 42
    SUP         shift, and go to state 43
    TABLE       shift, and go to state 44
    LI          shift, and go to state 45
    OL          shift, and go to state 46
    IMG         shift, and go to state 47
    FIGURE      shift, and go to state 48
    FIGCAPTION  shift, and go to state 49

    img_tag    go to state 50
    table_tag  go to state 51


State 70

    6 alltags: alltags . P alltags PE text
    7        | alltags . CENTER alltags CENTERE text
    8        | alltags . H1 alltags H1E text
    9        | alltags . H2 alltags H2E text
   10        | alltags . H3 alltags H3E text
   11        | alltags . H4 alltags H4E text
   12        | alltags . U alltags UE text
   13        | alltags . B alltags BE text
   14        | alltags . I alltags IE text
   14        | alltags I alltags . IE text
   15        | alltags . EM alltags EME text
   16        | alltags . TT alltags TTE text
   17        | alltags . STRONG alltags STRONGE text
   18        | alltags . SMALL alltags SMALLE text
   19        | alltags . SUB alltags SUBE text
   20        | alltags . SUP alltags SUPE text
   21        | alltags . FONT SIZE alltags FONTE text
   22        | alltags . A HREF alltags AE text
   23        | alltags . BR text
   24        | alltags . BRS text
   25        | alltags . DIV alltags DIVE text
   26        | alltags . UL alltags ULE text
   27        | alltags . LI alltags LIE text
   28        | alltags . OL alltags OLE text
   29        | alltags . DL alltags DLE text
   30        | alltags . DT alltags DTE text
   31        | alltags . DD alltags DDE text
   32        | alltags . FIGURE alltags FIGUREE text
   33        | alltags . FIGCAPTION alltags FIGCAPTIONE text
   34        | alltags . img_tag text
   35        | alltags . table_tag text

    A           shift, and go to state 19
    FONT        shift, and go to state 21
    CENTER      shift, and go to state 22
    BRS         shift, and go to state 23
    BR          shift, and go to state 24
    P           shift, and go to state 25
    H1          shift, and go to state 26
    H2          shift, and go to state 27
    H3          shift, and go to state 28
    H4          shift, and go to state 29
    UL          shift, and go to state 30
    DL          shift, and go to state 31
    DT          shift, and go to state 32
    DD          shift, and go to state 33
    DIV         shift, and go to state 34
    U           shift, and go to state 35
    B           shift, and go to state 36
    I           shift, and go to state 37
    IE          shift, and go to state 100
    EM          shift, and go to state 38
    TT          shift, and go to state 39
    STRONG      shift, and go to state 40
    SMALL       shift, and go to state 41
    SUB         shift, and go to state 42
    SUP         shift, and go to state 43
    TABLE       shift, and go to state 44
    LI          shift, and go to state 45
    OL          shift, and go to state 46
    IMG         shift, and go to state 47
    FIGURE      shift, and go to state 48
    FIGCAPTION  shift, and go to state 49

    img_tag    go to state 50
    table_tag  go to state 51


State 71

    6 alltags: alltags . P alltags PE text
    7        | alltags . CENTER alltags CENTERE text
    8        | alltags . H1 alltags H1E text
    9        | alltags . H2 alltags H2E text
   10        | alltags . H3 alltags H3E text
   11        | alltags . H4 alltags H4E text
   12        | alltags . U alltags UE text
   13        | alltags . B alltags BE text
   14        | alltags . I alltags IE text
   15        | alltags . EM alltags EME text
   15        | alltags EM alltags . EME text
   16        | alltags . TT alltags TTE text
   17        | alltags . STRONG alltags STRONGE text
   18        | alltags . SMALL alltags SMALLE text
   19        | alltags . SUB alltags SUBE text
   20        | alltags . SUP alltags SUPE text
   21        | alltags . FONT SIZE alltags FONTE text
   22        | alltags . A HREF alltags AE text
   23        | alltags . BR text
   24        | alltags . BRS text
   25        | alltags . DIV alltags DIVE text
   26        | alltags . UL alltags ULE text
   27        | alltags . LI alltags LIE text
   28        | alltags . OL alltags OLE text
   29        | alltags . DL alltags DLE text
   30        | alltags . DT alltags DTE text
   31        | alltags . DD alltags DDE text
   32        | alltags . FIGURE alltags FIGUREE text
   33        | alltags . FIGCAPTION alltags FIGCAPTIONE text
   34        | alltags . img_tag text
   35        | alltags . table_tag text

    A           shift, and go to state 19
    FONT        shift, and go to state 21
    CENTER      shift, and go to state 22
    BRS         shift, and go to state 23
    BR          shift, and go to state 24
    P           shift, and go to state 25
    H1          shift, and go to state 26
    H2          shift, and go to state 27
    H3          shift, and go to state 28
    H4          shift, and go to state 29
    UL          shift, and go to state 30
    DL          shift, and go to state 31
    DT          shift, and go to state 32
    DD          shift, and go to state 33
    DIV         shift, and go to state 34
    U           shift, and go to state 35
    B           shift, and go to state 36
    I           shift, and go to state 37
    EM          shift, and go to state 38
    EME         shift, and go to state 101
    TT          shift, and go to state 39
    STRONG      shift, and go to state 40
    SMALL       shift, and go to state 41
    SUB         shift, and go to state 42
    SUP         shift, and go to state 43
    TABLE       shift, and go to state 44
    LI          shift, and go to state 45
    OL          shift, and go to state 46
    IMG         shift, and go to state 47
    FIGURE      shift, and go to state 48
    FIGCAPTION  shift, and go to state 49

    img_tag    go to state 50
    table_tag  go to state 51


State 72

    6 alltags: alltags . P alltags PE text
    7        | alltags . CENTER alltags CENTERE text
    8        | alltags . H1 alltags H1E text
    9        | alltags . H2 alltags H2E text
   10        | alltags . H3 alltags H3E text
   11        | alltags . H4 alltags H4E text
   12        | alltags . U alltags UE text
   13        | alltags . B alltags BE text
   14        | alltags . I alltags IE text
   15        | alltags . EM alltags EME text
   16        | alltags . TT alltags TTE text
   16        | alltags TT alltags . TTE text
   17        | alltags . STRONG alltags STRONGE text
   18        | alltags . SMALL alltags SMALLE text
   19        | alltags . SUB alltags SUBE text
   20        | alltags . SUP alltags SUPE text
   21        | alltags . FONT SIZE alltags FONTE text
   22        | alltags . A HREF alltags AE text
   23        | alltags . BR text
   24        | alltags . BRS text
   25        | alltags . DIV alltags DIVE text
   26        | alltags . UL alltags ULE text
   27        | alltags . LI alltags LIE text
   28        | alltags . OL alltags OLE text
   29        | alltags . DL alltags DLE text
   30        | alltags . DT alltags DTE text
   31        | alltags . DD alltags DDE text
   32        | alltags . FIGURE alltags FIGUREE text
   33        | alltags . FIGCAPTION alltags FIGCAPTIONE text
   34        | alltags . img_tag text
   35        | alltags . table_tag text

    A           shift, and go to state 19
    FONT        shift, and go to state 21
    CENTER      shift, and go to state 22
    BRS         shift, and go to state 23
    BR          shift, and go to state 24
    P           shift, and go to state 25
    H1          shift, and go to state 26
    H2          shift, and go to state 27
    H3          shift, and go to state 28
    H4          shift, and go to state 29
    UL          shift, and go to state 30
    DL          shift, and go to state 31
    DT          shift, and go to state 32
    DD          shift, and go to state 33
    DIV         shift, and go to state 34
    U           shift, and go to state 35
    B           shift, and go to state 36
    I           shift, and go to state 37
    EM          shift, and go to state 38
    TT          shift, and go to state 39
    TTE         shift, and go to state 102
    STRONG      shift, and go to state 40
    SMALL       shift, and go to state 41
    SUB         shift, and go to state 42
    SUP         shift, and go to state 43
    TABLE       shift, and go to state 44
    LI          shift, and go to state 45
    OL          shift, and go to state 46
    IMG         shift, and go to state 47
    FIGURE      shift, and go to state 48
    FIGCAPTION  shift, and go to state 49

    img_tag    go to state 50
    table_tag  go to state 51


State 73

    6 alltags: alltags . P alltags PE text
    7        | alltags . CENTER alltags CENTERE text
    8        | alltags . H1 alltags H1E text
    9        | alltags . H2 alltags H2E text
   10        | alltags . H3 alltags H3E text
   11        | alltags . H4 alltags H4E text
   12        | alltags . U alltags UE text
   13        | alltags . B alltags BE text
   14        | alltags . I alltags IE text
   15        | alltags . EM alltags EME text
   16        | alltags . TT alltags TTE text
   17        | alltags . STRONG alltags STRONGE text
   17        | alltags STRONG alltags . STRONGE text
   18        | alltags . SMALL alltags SMALLE text
   19        | alltags . SUB alltags SUBE text
   20        | alltags . SUP alltags SUPE text
   21        | alltags . FONT SIZE alltags FONTE text
   22        | alltags . A HREF alltags AE text
   23        | alltags . BR text
   24        | alltags . BRS text
   25        | alltags . DIV alltags DIVE text
   26        | alltags . UL alltags ULE text
   27        | alltags . LI alltags LIE text
   28        | alltags . OL alltags OLE text
   29        | alltags . DL alltags DLE text
   30        | alltags . DT alltags DTE text
   31        | alltags . DD alltags DDE text
   32        | alltags . FIGURE alltags FIGUREE text
   33        | alltags . FIGCAPTION alltags FIGCAPTIONE text
   34        | alltags . img_tag text
   35        | alltags . table_tag text

    A           shift, and go to state 19
    FONT        shift, and go to state 21
    CENTER      shift, and go to state 22
    BRS         shift, and go to state 23
    BR          shift, and go to state 24
    P           shift, and go to state 25
    H1          shift, and go to state 26
    H2          shift, and go to state 27
    H3          shift, and go to state 28
    H4          shift, and go to state 29
    UL          shift, and go to state 30
    DL          shift, and go to state 31
    DT          shift, and go to state 32
    DD          shift, and go to state 33
    DIV         shift, and go to state 34
    U           shift, and go to state 35
    B           shift, and go to state 36
    I           shift, and go to state 37
    EM          shift, and go to state 38
    TT          shift, and go to state 39
    STRONG      shift, and go to state 40
    STRONGE     shift, and go to state 103
    SMALL       shift, and go to state 41
    SUB         shift, and go to state 42
    SUP         shift, and go to state 43
    TABLE       shift, and go to state 44
    LI          shift, and go to state 45
    OL          shift, and go to state 46
    IMG         shift, and go to state 47
    FIGURE      shift, and go to state 48
    FIGCAPTION  shift, and go to state 49

    img_tag    go to state 50
    table_tag  go to state 51


State 74

    6 alltags: alltags . P alltags PE text
    7        | alltags . CENTER alltags CENTERE text
    8        | alltags . H1 alltags H1E text
    9        | alltags . H2 alltags H2E text
   10        | alltags . H3 alltags H3E text
   11        | alltags . H4 alltags H4E text
   12        | alltags . U alltags UE text
   13        | alltags . B alltags BE text
   14        | alltags . I alltags IE text
   15        | alltags . EM alltags EME text
   16        | alltags . TT alltags TTE text
   17        | alltags . STRONG alltags STRONGE text
   18        | alltags . SMALL alltags SMALLE text
   18        | alltags SMALL alltags . SMALLE text
   19        | alltags . SUB alltags SUBE text
   20        | alltags . SUP alltags SUPE text
   21        | alltags . FONT SIZE alltags FONTE text
   22        | alltags . A HREF alltags AE text
   23        | alltags . BR text
   24        | alltags . BRS text
   25        | alltags . DIV alltags DIVE text
   26        | alltags . UL alltags ULE text
   27        | alltags . LI alltags LIE text
   28        | alltags . OL alltags OLE text
   29        | alltags . DL alltags DLE text
   30        | alltags . DT alltags DTE text
   31        | alltags . DD alltags DDE text
   32        | alltags . FIGURE alltags FIGUREE text
   33        | alltags . FIGCAPTION alltags FIGCAPTIONE text
   34        | alltags . img_tag text
   35        | alltags . table_tag text

    A           shift, and go to state 19
    FONT        shift, and go to state 21
    CENTER      shift, and go to state 22
    BRS         shift, and go to state 23
    BR          shift, and go to state 24
    P           shift, and go to state 25
    H1          shift, and go to state 26
    H2          shift, and go to state 27
    H3          shift, and go to state 28
    H4          shift, and go to state 29
    UL          shift, and go to state 30
    DL          shift, and go to state 31
    DT          shift, and go to state 32
    DD          shift, and go to state 33
    DIV         shift, and go to state 34
    U           shift, and go to state 35
    B           shift, and go to state 36
    I           shift, and go to state 37
    EM          shift, and go to state 38
    TT          shift, and go to state 39
    STRONG      shift, and go to state 40
    SMALL       shift, and go to state 41
    SMALLE      shift, and go to state 104
    SUB         shift, and go to state 42
    SUP         shift, and go to state 43
    TABLE       shift, and go to state 44
    LI          shift, and go to state 45
    OL          shift, and go to state 46
    IMG         shift, and go to state 47
    FIGURE      shift, and go to state 48
    FIGCAPTION  shift, and go to state 49

    img_tag    go to state 50
    table_tag  go to state 51


State 75

    6 alltags: alltags . P alltags PE text
    7        | alltags . CENTER alltags CENTERE text
    8        | alltags . H1 alltags H1E text
    9        | alltags . H2 alltags H2E text
   10        | alltags . H3 alltags H3E text
   11        | alltags . H4 alltags H4E text
   12        | alltags . U alltags UE text
   13        | alltags . B alltags BE text
   14        | alltags . I alltags IE text
   15        | alltags . EM alltags EME text
   16        | alltags . TT alltags TTE text
   17        | alltags . STRONG alltags STRONGE text
   18        | alltags . SMALL alltags SMALLE text
   19        | alltags . SUB alltags SUBE text
   19        | alltags SUB alltags . SUBE text
   20        | alltags . SUP alltags SUPE text
   21        | alltags . FONT SIZE alltags FONTE text
   22        | alltags . A HREF alltags AE text
   23        | alltags . BR text
   24        | alltags . BRS text
   25        | alltags . DIV alltags DIVE text
   26        | alltags . UL alltags ULE text
   27        | alltags . LI alltags LIE text
   28        | alltags . OL alltags OLE text
   29        | alltags . DL alltags DLE text
   30        | alltags . DT alltags DTE text
   31        | alltags . DD alltags DDE text
   32        | alltags . FIGURE alltags FIGUREE text
   33        | alltags . FIGCAPTION alltags FIGCAPTIONE text
   34        | alltags . img_tag text
   35        | alltags . table_tag text

    A           shift, and go to state 19
    FONT        shift, and go to state 21
    CENTER      shift, and go to state 22
    BRS         shift, and go to state 23
    BR          shift, and go to state 24
    P           shift, and go to state 25
    H1          shift, and go to state 26
    H2          shift, and go to state 27
    H3          shift, and go to state 28
    H4          shift, and go to state 29
    UL          shift, and go to state 30
    DL          shift, and go to state 31
    DT          shift, and go to state 32
    DD          shift, and go to state 33
    DIV         shift, and go to state 34
    U           shift, and go to state 35
    B           shift, and go to state 36
    I           shift, and go to state 37
    EM          shift, and go to state 38
    TT          shift, and go to state 39
    STRONG      shift, and go to state 40
    SMALL       shift, and go to state 41
    SUB         shift, and go to state 42
    SUBE        shift, and go to state 105
    SUP         shift, and go to state 43
    TABLE       shift, and go to state 44
    LI          shift, and go to state 45
    OL          shift, and go to state 46
    IMG         shift, and go to state 47
    FIGURE      shift, and go to state 48
    FIGCAPTION  shift, and go to state 49

    img_tag    go to state 50
    table_tag  go to state 51


State 76

    6 alltags: alltags . P alltags PE text
    7        | alltags . CENTER alltags CENTERE text
    8        | alltags . H1 alltags H1E text
    9        | alltags . H2 alltags H2E text
   10        | alltags . H3 alltags H3E text
   11        | alltags . H4 alltags H4E text
   12        | alltags . U alltags UE text
   13        | alltags . B alltags BE text
   14        | alltags . I alltags IE text
   15        | alltags . EM alltags EME text
   16        | alltags . TT alltags TTE text
   17        | alltags . STRONG alltags STRONGE text
   18        | alltags . SMALL alltags SMALLE text
   19        | alltags . SUB alltags SUBE text
   20        | alltags . SUP alltags SUPE text
   20        | alltags SUP alltags . SUPE text
   21        | alltags . FONT SIZE alltags FONTE text
   22        | alltags . A HREF alltags AE text
   23        | alltags . BR text
   24        | alltags . BRS text
   25        | alltags . DIV alltags DIVE text
   26        | alltags . UL alltags ULE text
   27        | alltags . LI alltags LIE text
   28        | alltags . OL alltags OLE text
   29        | alltags . DL alltags DLE text
   30        | alltags . DT alltags DTE text
   31        | alltags . DD alltags DDE text
   32        | alltags . FIGURE alltags FIGUREE text
   33        | alltags . FIGCAPTION alltags FIGCAPTIONE text
   34        | alltags . img_tag text
   35        | alltags . table_tag text

    A           shift, and go to state 19
    FONT        shift, and go to state 21
    CENTER      shift, and go to state 22
    BRS         shift, and go to state 23
    BR          shift, and go to state 24
    P           shift, and go to state 25
    H1          shift, and go to state 26
    H2          shift, and go to state 27
    H3          shift, and go to state 28
    H4          shift, and go to state 29
    UL          shift, and go to state 30
    DL          shift, and go to state 31
    DT          shift, and go to state 32
    DD          shift, and go to state 33
    DIV         shift, and go to state 34
    U           shift, and go to state 35
    B           shift, and go to state 36
    I           shift, and go to state 37
    EM          shift, and go to state 38
    TT          shift, and go to state 39
    STRONG      shift, and go to state 40
    SMALL       shift, and go to state 41
    SUB         shift, and go to state 42
    SUP         shift, and go to state 43
    SUPE        shift, and go to state 106
    TABLE       shift, and go to state 44
    LI          shift, and go to state 45
    OL          shift, and go to state 46
    IMG         shift, and go to state 47
    FIGURE      shift, and go to state 48
    FIGCAPTION  shift, and go to state 49

    img_tag    go to state 50
    table_tag  go to state 51


State 77

   42 table_tag: TABLE table_data . TABLEE
   43 table_data: table_data . TR tr_data TRE

    TABLEE  shift, and go to state 107
    TR      shift, and go to state 108


State 78

    6 alltags: alltags . P alltags PE text
    7        | alltags . CENTER alltags CENTERE text
    8        | alltags . H1 alltags H1E text
    9        | alltags . H2 alltags H2E text
   10        | alltags . H3 alltags H3E text
   11        | alltags . H4 alltags H4E text
   12        | alltags . U alltags UE text
   13        | alltags . B alltags BE text
   14        | alltags . I alltags IE text
   15        | alltags . EM alltags EME text
   16        | alltags . TT alltags TTE text
   17        | alltags . STRONG alltags STRONGE text
   18        | alltags . SMALL alltags SMALLE text
   19        | alltags . SUB alltags SUBE text
   20        | alltags . SUP alltags SUPE text
   21        | alltags . FONT SIZE alltags FONTE text
   22        | alltags . A HREF alltags AE text
   23        | alltags . BR text
   24        | alltags . BRS text
   25        | alltags . DIV alltags DIVE text
   26        | alltags . UL alltags ULE text
   27        | alltags . LI alltags LIE text
   27        | alltags LI alltags . LIE text
   28        | alltags . OL alltags OLE text
   29        | alltags . DL alltags DLE text
   30        | alltags . DT alltags DTE text
   31        | alltags . DD alltags DDE text
   32        | alltags . FIGURE alltags FIGUREE text
   33        | alltags . FIGCAPTION alltags FIGCAPTIONE text
   34        | alltags . img_tag text
   35        | alltags . table_tag text

    A           shift, and go to state 19
    FONT        shift, and go to state 21
    CENTER      shift, and go to state 22
    BRS         shift, and go to state 23
    BR          shift, and go to state 24
    P           shift, and go to state 25
    H1          shift, and go to state 26
    H2          shift, and go to state 27
    H3          shift, and go to state 28
    H4          shift, and go to state 29
    UL          shift, and go to state 30
    DL          shift, and go to state 31
    DT          shift, and go to state 32
    DD          shift, and go to state 33
    DIV         shift, and go to state 34
    U           shift, and go to state 35
    B           shift, and go to state 36
    I           shift, and go to state 37
    EM          shift, and go to state 38
    TT          shift, and go to state 39
    STRONG      shift, and go to state 40
    SMALL       shift, and go to state 41
    SUB         shift, and go to state 42
    SUP         shift, and go to state 43
    TABLE       shift, and go to state 44
    LI          shift, and go to state 45
    LIE         shift, and go to state 109
    OL          shift, and go to state 46
    IMG         shift, and go to state 47
    FIGURE      shift, and go to state 48
    FIGCAPTION  shift, and go to state 49

    img_tag    go to state 50
    table_tag  go to state 51


State 79

    6 alltags: alltags . P alltags PE text
    7        | alltags . CENTER alltags CENTERE text
    8        | alltags . H1 alltags H1E text
    9        | alltags . H2 alltags H2E text
   10        | alltags . H3 alltags H3E text
   11        | alltags . H4 alltags H4E text
   12        | alltags . U alltags UE text
   13        | alltags . B alltags BE text
   14        | alltags . I alltags IE text
   15        | alltags . EM alltags EME text
   16        | alltags . TT alltags TTE text
   17        | alltags . STRONG alltags STRONGE text
   18        | alltags . SMALL alltags SMALLE text
   19        | alltags . SUB alltags SUBE text
   20        | alltags . SUP alltags SUPE text
   21        | alltags . FONT SIZE alltags FONTE text
   22        | alltags . A HREF alltags AE text
   23        | alltags . BR text
   24        | alltags . BRS text
   25        | alltags . DIV alltags DIVE text
   26        | alltags . UL alltags ULE text
   27        | alltags . LI alltags LIE text
   28        | alltags . OL alltags OLE text
   28        | alltags OL alltags . OLE text
   29        | alltags . DL alltags DLE text
   30        | alltags . DT alltags DTE text
   31        | alltags . DD alltags DDE text
   32        | alltags . FIGURE alltags FIGUREE text
   33        | alltags . FIGCAPTION alltags FIGCAPTIONE text
   34        | alltags . img_tag text
   35        | alltags . table_tag text

    A           shift, and go to state 19
    FONT        shift, and go to state 21
    CENTER      shift, and go to state 22
    BRS         shift, and go to state 23
    BR          shift, and go to state 24
    P           shift, and go to state 25
    H1          shift, and go to state 26
    H2          shift, and go to state 27
    H3          shift, and go to state 28
    H4          shift, and go to state 29
    UL          shift, and go to state 30
    DL          shift, and go to state 31
    DT          shift, and go to state 32
    DD          shift, and go to state 33
    DIV         shift, and go to state 34
    U           shift, and go to state 35
    B           shift, and go to state 36
    I           shift, and go to state 37
    EM          shift, and go to state 38
    TT          shift, and go to state 39
    STRONG      shift, and go to state 40
    SMALL       shift, and go to state 41
    SUB         shift, and go to state 42
    SUP         shift, and go to state 43
    TABLE       shift, and go to state 44
    LI          shift, and go to state 45
    OL          shift, and go to state 46
    OLE         shift, and go to state 110
    IMG         shift, and go to state 47
    FIGURE      shift, and go to state 48
    FIGCAPTION  shift, and go to state 49

    img_tag    go to state 50
    table_tag  go to state 51


State 80

   37 img_tag: IMG img_attr .
   38 img_attr: img_attr . IMGSRC
   39         | img_attr . IMGWIDTH
   40         | img_attr . IMGHEIGHT

    IMGSRC     shift, and go to state 111
    IMGWIDTH   shift, and go to state 112
    IMGHEIGHT  shift, and go to state 113

    $default  reduce using rule 37 (img_tag)


State 81

    6 alltags: alltags . P alltags PE text
    7        | alltags . CENTER alltags CENTERE text
    8        | alltags . H1 alltags H1E text
    9        | alltags . H2 alltags H2E text
   10        | alltags . H3 alltags H3E text
   11        | alltags . H4 alltags H4E text
   12        | alltags . U alltags UE text
   13        | alltags . B alltags BE text
   14        | alltags . I alltags IE text
   15        | alltags . EM alltags EME text
   16        | alltags . TT alltags TTE text
   17        | alltags . STRONG alltags STRONGE text
   18        | alltags . SMALL alltags SMALLE text
   19        | alltags . SUB alltags SUBE text
   20        | alltags . SUP alltags SUPE text
   21        | alltags . FONT SIZE alltags FONTE text
   22        | alltags . A HREF alltags AE text
   23        | alltags . BR text
   24        | alltags . BRS text
   25        | alltags . DIV alltags DIVE text
   26        | alltags . UL alltags ULE text
   27        | alltags . LI alltags LIE text
   28        | alltags . OL alltags OLE text
   29        | alltags . DL alltags DLE text
   30        | alltags . DT alltags DTE text
   31        | alltags . DD alltags DDE text
   32        | alltags . FIGURE alltags FIGUREE text
   32        | alltags FIGURE alltags . FIGUREE text
   33        | alltags . FIGCAPTION alltags FIGCAPTIONE text
   34        | alltags . img_tag text
   35        | alltags . table_tag text

    A           shift, and go to state 19
    FONT        shift, and go to state 21
    CENTER      shift, and go to state 22
    BRS         shift, and go to state 23
    BR          shift, and go to state 24
    P           shift, and go to state 25
    H1          shift, and go to state 26
    H2          shift, and go to state 27
    H3          shift, and go to state 28
    H4          shift, and go to state 29
    UL          shift, and go to state 30
    DL          shift, and go to state 31
    DT          shift, and go to state 32
    DD          shift, and go to state 33
    DIV         shift, and go to state 34
    U           shift, and go to state 35
    B           shift, and go to state 36
    I           shift, and go to state 37
    EM          shift, and go to state 38
    TT          shift, and go to state 39
    STRONG      shift, and go to state 40
    SMALL       shift, and go to state 41
    SUB         shift, and go to state 42
    SUP         shift, and go to state 43
    TABLE       shift, and go to state 44
    LI          shift, and go to state 45
    OL          shift, and go to state 46
    IMG         shift, and go to state 47
    FIGURE      shift, and go to state 48
    FIGUREE     shift, and go to state 114
    FIGCAPTION  shift, and go to state 49

    img_tag    go to state 50
    table_tag  go to state 51


State 82

    6 alltags: alltags . P alltags PE text
    7        | alltags . CENTER alltags CENTERE text
    8        | alltags . H1 alltags H1E text
    9        | alltags . H2 alltags H2E text
   10        | alltags . H3 alltags H3E text
   11        | alltags . H4 alltags H4E text
   12        | alltags . U alltags UE text
   13        | alltags . B alltags BE text
   14        | alltags . I alltags IE text
   15        | alltags . EM alltags EME text
   16        | alltags . TT alltags TTE text
   17        | alltags . STRONG alltags STRONGE text
   18        | alltags . SMALL alltags SMALLE text
   19        | alltags . SUB alltags SUBE text
   20        | alltags . SUP alltags SUPE text
   21        | alltags . FONT SIZE alltags FONTE text
   22        | alltags . A HREF alltags AE text
   23        | alltags . BR text
   24        | alltags . BRS text
   25        | alltags . DIV alltags DIVE text
   26        | alltags . UL alltags ULE text
   27        | alltags . LI alltags LIE text
   28        | alltags . OL alltags OLE text
   29        | alltags . DL alltags DLE text
   30        | alltags . DT alltags DTE text
   31        | alltags . DD alltags DDE text
   32        | alltags . FIGURE alltags FIGUREE text
   33        | alltags . FIGCAPTION alltags FIGCAPTIONE text
   33        | alltags FIGCAPTION alltags . FIGCAPTIONE text
   34        | alltags . img_tag text
   35        | alltags . table_tag text

    A            shift, and go to state 19
    FONT         shift, and go to state 21
    CENTER       shift, and go to state 22
    BRS          shift, and go to state 23
    BR           shift, and go to state 24
    P            shift, and go to state 25
    H1           shift, and go to state 26
    H2           shift, and go to state 27
    H3           shift, and go to state 28
    H4           shift, and go to state 29
    UL           shift, and go to state 30
    DL           shift, and go to state 31
    DT           shift, and go to state 32
    DD           shift, and go to state 33
    DIV          shift, and go to state 34
    U            shift, and go to state 35
    B            shift, and go to state 36
    I            shift, and go to state 37
    EM           shift, and go to state 38
    TT           shift, and go to state 39
    STRONG       shift, and go to state 40
    SMALL        shift, and go to state 41
    SUB          shift, and go to state 42
    SUP          shift, and go to state 43
    TABLE        shift, and go to state 44
    LI           shift, and go to state 45
    OL           shift, and go to state 46
    IMG          shift, and go to state 47
    FIGURE       shift, and go to state 48
    FIGCAPTION   shift, and go to state 49
    FIGCAPTIONE  shift, and go to state 115

    img_tag    go to state 50
    table_tag  go to state 51


State 83

   34 alltags: alltags img_tag text .
   48 text: text . TEXT
   49     | text . GREEK

    TEXT   shift, and go to state 10
    GREEK  shift, and go to state 11

    $default  reduce using rule 34 (alltags)


State 84

   35 alltags: alltags table_tag text .
   48 text: text . TEXT
   49     | text . GREEK

    TEXT   shift, and go to state 10
    GREEK  shift, and go to state 11

    $default  reduce using rule 35 (alltags)


State 85

    6 alltags: alltags . P alltags PE text
    7        | alltags . CENTER alltags CENTERE text
    8        | alltags . H1 alltags H1E text
    9        | alltags . H2 alltags H2E text
   10        | alltags . H3 alltags H3E text
   11        | alltags . H4 alltags H4E text
   12        | alltags . U alltags UE text
   13        | alltags . B alltags BE text
   14        | alltags . I alltags IE text
   15        | alltags . EM alltags EME text
   16        | alltags . TT alltags TTE text
   17        | alltags . STRONG alltags STRONGE text
   18        | alltags . SMALL alltags SMALLE text
   19        | alltags . SUB alltags SUBE text
   20        | alltags . SUP alltags SUPE text
   21        | alltags . FONT SIZE alltags FONTE text
   22        | alltags . A HREF alltags AE text
   22        | alltags A HREF alltags . AE text
   23        | alltags . BR text
   24        | alltags . BRS text
   25        | alltags . DIV alltags DIVE text
   26        | alltags . UL alltags ULE text
   27        | alltags . LI alltags LIE text
   28        | alltags . OL alltags OLE text
   29        | alltags . DL alltags DLE text
   30        | alltags . DT alltags DTE text
   31        | alltags . DD alltags DDE text
   32        | alltags . FIGURE alltags FIGUREE text
   33        | alltags . FIGCAPTION alltags FIGCAPTIONE text
   34        | alltags . img_tag text
   35        | alltags . table_tag text

    A           shift, and go to state 19
    FONT        shift, and go to state 21
    AE          shift, and go to state 116
    CENTER      shift, and go to state 22
    BRS         shift, and go to state 23
    BR          shift, and go to state 24
    P           shift, and go to state 25
    H1          shift, and go to state 26
    H2          shift, and go to state 27
    H3          shift, and go to state 28
    H4          shift, and go to state 29
    UL          shift, and go to state 30
    DL          shift, and go to state 31
    DT          shift, and go to state 32
    DD          shift, and go to state 33
    DIV         shift, and go to state 34
    U           shift, and go to state 35
    B           shift, and go to state 36
    I           shift, and go to state 37
    EM          shift, and go to state 38
    TT          shift, and go to state 39
    STRONG      shift, and go to state 40
    SMALL       shift, and go to state 41
    SUB         shift, and go to state 42
    SUP         shift, and go to state 43
    TABLE       shift, and go to state 44
    LI          shift, and go to state 45
    OL          shift, and go to state 46
    IMG         shift, and go to state 47
    FIGURE      shift, and go to state 48
    FIGCAPTION  shift, and go to state 49

    img_tag    go to state 50
    table_tag  go to state 51


State 86

    6 alltags: alltags . P alltags PE text
    7        | alltags . CENTER alltags CENTERE text
    8        | alltags . H1 alltags H1E text
    9        | alltags . H2 alltags H2E text
   10        | alltags . H3 alltags H3E text
   11        | alltags . H4 alltags H4E text
   12        | alltags . U alltags UE text
   13        | alltags . B alltags BE text
   14        | alltags . I alltags IE text
   15        | alltags . EM alltags EME text
   16        | alltags . TT alltags TTE text
   17        | alltags . STRONG alltags STRONGE text
   18        | alltags . SMALL alltags SMALLE text
   19        | alltags . SUB alltags SUBE text
   20        | alltags . SUP alltags SUPE text
   21        | alltags . FONT SIZE alltags FONTE text
   21        | alltags FONT SIZE alltags . FONTE text
   22        | alltags . A HREF alltags AE text
   23        | alltags . BR text
   24        | alltags . BRS text
   25        | alltags . DIV alltags DIVE text
   26        | alltags . UL alltags ULE text
   27        | alltags . LI alltags LIE text
   28        | alltags . OL alltags OLE text
   29        | alltags . DL alltags DLE text
   30        | alltags . DT alltags DTE text
   31        | alltags . DD alltags DDE text
   32        | alltags . FIGURE alltags FIGUREE text
   33        | alltags . FIGCAPTION alltags FIGCAPTIONE text
   34        | alltags . img_tag text
   35        | alltags . table_tag text

    A           shift, and go to state 19
    FONT        shift, and go to state 21
    FONTE       shift, and go to state 117
    CENTER      shift, and go to state 22
    BRS         shift, and go to state 23
    BR          shift, and go to state 24
    P           shift, and go to state 25
    H1          shift, and go to state 26
    H2          shift, and go to state 27
    H3          shift, and go to state 28
    H4          shift, and go to state 29
    UL          shift, and go to state 30
    DL          shift, and go to state 31
    DT          shift, and go to state 32
    DD          shift, and go to state 33
    DIV         shift, and go to state 34
    U           shift, and go to state 35
    B           shift, and go to state 36
    I           shift, and go to state 37
    EM          shift, and go to state 38
    TT          shift, and go to state 39
    STRONG      shift, and go to state 40
    SMALL       shift, and go to state 41
    SUB         shift, and go to state 42
    SUP         shift, and go to state 43
    TABLE       shift, and go to state 44
    LI          shift, and go to state 45
    OL          shift, and go to state 46
    IMG         shift, and go to state 47
    FIGURE      shift, and go to state 48
    FIGCAPTION  shift, and go to state 49

    img_tag    go to state 50
    table_tag  go to state 51


State 87

    7 alltags: alltags CENTER alltags CENTERE . text

    $default  reduce using rule 50 (text)

    text  go to state 118


State 88

    6 alltags: alltags P alltags PE . text

    $default  reduce using rule 50 (text)

    text  go to state 119


State 89

    8 alltags: alltags H1 alltags H1E . text

    $default  reduce using rule 50 (text)

    text  go to state 120


State 90

    9 alltags: alltags H2 alltags H2E . text

    $default  reduce using rule 50 (text)

    text  go to state 121


State 91

   10 alltags: alltags H3 alltags H3E . text

    $default  reduce using rule 50 (text)

    text  go to state 122


State 92

   11 alltags: alltags H4 alltags H4E . text

    $default  reduce using rule 50 (text)

    text  go to state 123


State 93

   26 alltags: alltags UL alltags ULE . text

    $default  reduce using rule 50 (text)

    text  go to state 124


State 94

   29 alltags: alltags DL alltags DLE . text

    $default  reduce using rule 50 (text)

    text  go to state 125


State 95

   30 alltags: alltags DT alltags DTE . text

    $default  reduce using rule 50 (text)

    text  go to state 126


State 96

   31 alltags: alltags DD alltags DDE . text

    $default  reduce using rule 50 (text)

    text  go to state 127


State 97

   25 alltags: alltags DIV alltags DIVE . text

    $default  reduce using rule 50 (text)

    text  go to state 128


State 98

   12 alltags: alltags U alltags UE . text

    $default  reduce using rule 50 (text)

    text  go to state 129


State 99

   13 alltags: alltags B alltags BE . text

    $default  reduce using rule 50 (text)

    text  go to state 130


State 100

   14 alltags: alltags I alltags IE . text

    $default  reduce using rule 50 (text)

    text  go to state 131


State 101

   15 alltags: alltags EM alltags EME . text

    $default  reduce using rule 50 (text)

    text  go to state 132


State 102

   16 alltags: alltags TT alltags TTE . text

    $default  reduce using rule 50 (text)

    text  go to state 133


State 103

   17 alltags: alltags STRONG alltags STRONGE . text

    $default  reduce using rule 50 (text)

    text  go to state 134


State 104

   18 alltags: alltags SMALL alltags SMALLE . text

    $default  reduce using rule 50 (text)

    text  go to state 135


State 105

   19 alltags: alltags SUB alltags SUBE . text

    $default  reduce using rule 50 (text)

    text  go to state 136


State 106

   20 alltags: alltags SUP alltags SUPE . text

    $default  reduce using rule 50 (text)

    text  go to state 137


State 107

   42 table_tag: TABLE table_data TABLEE .

    $default  reduce using rule 42 (table_tag)


State 108

   43 table_data: table_data TR . tr_data TRE

    $default  reduce using rule 47 (tr_data)

    tr_data  go to state 138


State 109

   27 alltags: alltags LI alltags LIE . text

    $default  reduce using rule 50 (text)

    text  go to state 139


State 110

   28 alltags: alltags OL alltags OLE . text

    $default  reduce using rule 50 (text)

    text  go to state 140


State 111

   38 img_attr: img_attr IMGSRC .

    $default  reduce using rule 38 (img_attr)


State 112

   39 img_attr: img_attr IMGWIDTH .

    $default  reduce using rule 39 (img_attr)


State 113

   40 img_attr: img_attr IMGHEIGHT .

    $default  reduce using rule 40 (img_attr)


State 114

   32 alltags: alltags FIGURE alltags FIGUREE . text

    $default  reduce using rule 50 (text)

    text  go to state 141


State 115

   33 alltags: alltags FIGCAPTION alltags FIGCAPTIONE . text

    $default  reduce using rule 50 (text)

    text  go to state 142


State 116

   22 alltags: alltags A HREF alltags AE . text

    $default  reduce using rule 50 (text)

    text  go to state 143


State 117

   21 alltags: alltags FONT SIZE alltags FONTE . text

    $default  reduce using rule 50 (text)

    text  go to state 144


State 118

    7 alltags: alltags CENTER alltags CENTERE text .
   48 text: text . TEXT
   49     | text . GREEK

    TEXT   shift, and go to state 10
    GREEK  shift, and go to state 11

    $default  reduce using rule 7 (alltags)


State 119

    6 alltags: alltags P alltags PE text .
   48 text: text . TEXT
   49     | text . GREEK

    TEXT   shift, and go to state 10
    GREEK  shift, and go to state 11

    $default  reduce using rule 6 (alltags)


State 120

    8 alltags: alltags H1 alltags H1E text .
   48 text: text . TEXT
   49     | text . GREEK

    TEXT   shift, and go to state 10
    GREEK  shift, and go to state 11

    $default  reduce using rule 8 (alltags)


State 121

    9 alltags: alltags H2 alltags H2E text .
   48 text: text . TEXT
   49     | text . GREEK

    TEXT   shift, and go to state 10
    GREEK  shift, and go to state 11

    $default  reduce using rule 9 (alltags)


State 122

   10 alltags: alltags H3 alltags H3E text .
   48 text: text . TEXT
   49     | text . GREEK

    TEXT   shift, and go to state 10
    GREEK  shift, and go to state 11

    $default  reduce using rule 10 (alltags)


State 123

   11 alltags: alltags H4 alltags H4E text .
   48 text: text . TEXT
   49     | text . GREEK

    TEXT   shift, and go to state 10
    GREEK  shift, and go to state 11

    $default  reduce using rule 11 (alltags)


State 124

   26 alltags: alltags UL alltags ULE text .
   48 text: text . TEXT
   49     | text . GREEK

    TEXT   shift, and go to state 10
    GREEK  shift, and go to state 11

    $default  reduce using rule 26 (alltags)


State 125

   29 alltags: alltags DL alltags DLE text .
   48 text: text . TEXT
   49     | text . GREEK

    TEXT   shift, and go to state 10
    GREEK  shift, and go to state 11

    $default  reduce using rule 29 (alltags)


State 126

   30 alltags: alltags DT alltags DTE text .
   48 text: text . TEXT
   49     | text . GREEK

    TEXT   shift, and go to state 10
    GREEK  shift, and go to state 11

    $default  reduce using rule 30 (alltags)


State 127

   31 alltags: alltags DD alltags DDE text .
   48 text: text . TEXT
   49     | text . GREEK

    TEXT   shift, and go to state 10
    GREEK  shift, and go to state 11

    $default  reduce using rule 31 (alltags)


State 128

   25 alltags: alltags DIV alltags DIVE text .
   48 text: text . TEXT
   49     | text . GREEK

    TEXT   shift, and go to state 10
    GREEK  shift, and go to state 11

    $default  reduce using rule 25 (alltags)


State 129

   12 alltags: alltags U alltags UE text .
   48 text: text . TEXT
   49     | text . GREEK

    TEXT   shift, and go to state 10
    GREEK  shift, and go to state 11

    $default  reduce using rule 12 (alltags)


State 130

   13 alltags: alltags B alltags BE text .
   48 text: text . TEXT
   49     | text . GREEK

    TEXT   shift, and go to state 10
    GREEK  shift, and go to state 11

    $default  reduce using rule 13 (alltags)


State 131

   14 alltags: alltags I alltags IE text .
   48 text: text . TEXT
   49     | text . GREEK

    TEXT   shift, and go to state 10
    GREEK  shift, and go to state 11

    $default  reduce using rule 14 (alltags)


State 132

   15 alltags: alltags EM alltags EME text .
   48 text: text . TEXT
   49     | text . GREEK

    TEXT   shift, and go to state 10
    GREEK  shift, and go to state 11

    $default  reduce using rule 15 (alltags)


State 133

   16 alltags: alltags TT alltags TTE text .
   48 text: text . TEXT
   49     | text . GREEK

    TEXT   shift, and go to state 10
    GREEK  shift, and go to state 11

    $default  reduce using rule 16 (alltags)


State 134

   17 alltags: alltags STRONG alltags STRONGE text .
   48 text: text . TEXT
   49     | text . GREEK

    TEXT   shift, and go to state 10
    GREEK  shift, and go to state 11

    $default  reduce using rule 17 (alltags)


State 135

   18 alltags: alltags SMALL alltags SMALLE text .
   48 text: text . TEXT
   49     | text . GREEK

    TEXT   shift, and go to state 10
    GREEK  shift, and go to state 11

    $default  reduce using rule 18 (alltags)


State 136

   19 alltags: alltags SUB alltags SUBE text .
   48 text: text . TEXT
   49     | text . GREEK

    TEXT   shift, and go to state 10
    GREEK  shift, and go to state 11

    $default  reduce using rule 19 (alltags)


State 137

   20 alltags: alltags SUP alltags SUPE text .
   48 text: text . TEXT
   49     | text . GREEK

    TEXT   shift, and go to state 10
    GREEK  shift, and go to state 11

    $default  reduce using rule 20 (alltags)


State 138

   43 table_data: table_data TR tr_data . TRE
   45 tr_data: tr_data . TH text THE
   46        | tr_data . TD text TDE

    TH   shift, and go to state 145
    TRE  shift, and go to state 146
    TD   shift, and go to state 147


State 139

   27 alltags: alltags LI alltags LIE text .
   48 text: text . TEXT
   49     | text . GREEK

    TEXT   shift, and go to state 10
    GREEK  shift, and go to state 11

    $default  reduce using rule 27 (alltags)


State 140

   28 alltags: alltags OL alltags OLE text .
   48 text: text . TEXT
   49     | text . GREEK

    TEXT   shift, and go to state 10
    GREEK  shift, and go to state 11

    $default  reduce using rule 28 (alltags)


State 141

   32 alltags: alltags FIGURE alltags FIGUREE text .
   48 text: text . TEXT
   49     | text . GREEK

    TEXT   shift, and go to state 10
    GREEK  shift, and go to state 11

    $default  reduce using rule 32 (alltags)


State 142

   33 alltags: alltags FIGCAPTION alltags FIGCAPTIONE text .
   48 text: text . TEXT
   49     | text . GREEK

    TEXT   shift, and go to state 10
    GREEK  shift, and go to state 11

    $default  reduce using rule 33 (alltags)


State 143

   22 alltags: alltags A HREF alltags AE text .
   48 text: text . TEXT
   49     | text . GREEK

    TEXT   shift, and go to state 10
    GREEK  shift, and go to state 11

    $default  reduce using rule 22 (alltags)


State 144

   21 alltags: alltags FONT SIZE alltags FONTE text .
   48 text: text . TEXT
   49     | text . GREEK

    TEXT   shift, and go to state 10
    GREEK  shift, and go to state 11

    $default  reduce using rule 21 (alltags)


State 145

   45 tr_data: tr_data TH . text THE

    $default  reduce using rule 50 (text)

    text  go to state 148


State 146

   43 table_data: table_data TR tr_data TRE .

    $default  reduce using rule 43 (table_data)


State 147

   46 tr_data: tr_data TD . text TDE

    $default  reduce using rule 50 (text)

    text  go to state 149


State 148

   45 tr_data: tr_data TH text . THE
   48 text: text . TEXT
   49     | text . GREEK

    THE    shift, and go to state 150
    TEXT   shift, and go to state 10
    GREEK  shift, and go to state 11


State 149

   46 tr_data: tr_data TD text . TDE
   48 text: text . TEXT
   49     | text . GREEK

    TDE    shift, and go to state 151
    TEXT   shift, and go to state 10
    GREEK  shift, and go to state 11


State 150

   45 tr_data: tr_data TH text THE .

    $default  reduce using rule 45 (tr_data)


State 151

   46 tr_data: tr_data TD text TDE .

    $default  reduce using rule 46 (tr_data)
